Flow report for reg_file
Fri Jan 22 19:28:38 2016
Quartus II 64-Bit Version 15.0.0 Build 145 04/22/2015 SJ Web Edition


---------------------
; Table of Contents ;
---------------------
  1. Legal Notice
  2. Flow Summary
  3. Flow Settings
  4. Flow Non-Default Global Settings
  5. Flow Elapsed Time
  6. Flow OS Summary
  7. Flow Log
  8. Flow Messages
  9. Flow Suppressed Messages



----------------
; Legal Notice ;
----------------
Copyright (C) 1991-2015 Altera Corporation. All rights reserved.
Your use of Altera Corporation's design tools, logic functions 
and other software and tools, and its AMPP partner logic 
functions, and any output files from any of the foregoing 
(including device programming or simulation files), and any 
associated documentation or information are expressly subject 
to the terms and conditions of the Altera Program License 
Subscription Agreement, the Altera Quartus II License Agreement,
the Altera MegaCore Function License Agreement, or other 
applicable license agreement, including, without limitation, 
that your use is for the sole purpose of programming logic 
devices manufactured by Altera and sold by Altera or its 
authorized distributors.  Please refer to the applicable 
agreement for further details.



+-------------------------------------------------------------------------------------+
; Flow Summary                                                                        ;
+---------------------------------+---------------------------------------------------+
; Flow Status                     ; Database Import Failed - Fri Jan 22 19:28:38 2016 ;
; Quartus II 64-Bit Version       ; 15.0.0 Build 145 04/22/2015 SJ Web Edition        ;
; Revision Name                   ; reg_file                                          ;
; Top-level Entity Name           ; reg_file                                          ;
; Family                          ; Cyclone V                                         ;
; Device                          ; 5CGXFC7C7F23C8                                    ;
; Timing Models                   ; Final                                             ;
; Logic utilization (in ALMs)     ; 1,525 / 56,480 ( 3 % )                            ;
; Total registers                 ; 2048                                              ;
; Total pins                      ; 116 / 268 ( 43 % )                                ;
; Total virtual pins              ; 0                                                 ;
; Total block memory bits         ; 0 / 7,024,640 ( 0 % )                             ;
; Total DSP Blocks                ; 0 / 156 ( 0 % )                                   ;
; Total HSSI RX PCSs              ; 0 / 6 ( 0 % )                                     ;
; Total HSSI PMA RX Deserializers ; 0 / 6 ( 0 % )                                     ;
; Total HSSI TX PCSs              ; 0 / 6 ( 0 % )                                     ;
; Total HSSI PMA TX Serializers   ; 0 / 6 ( 0 % )                                     ;
; Total PLLs                      ; 0 / 13 ( 0 % )                                    ;
; Total DLLs                      ; 0 / 4 ( 0 % )                                     ;
+---------------------------------+---------------------------------------------------+


+-----------------------------------------+
; Flow Settings                           ;
+-------------------+---------------------+
; Option            ; Setting             ;
+-------------------+---------------------+
; Start date & time ; 01/22/2016 04:51:26 ;
; Main task         ; Compilation         ;
; Revision Name     ; reg_file            ;
+-------------------+---------------------+


+---------------------------------------------------------------------------------------------------------------------+
; Flow Non-Default Global Settings                                                                                    ;
+-------------------------------------+--------------------------------+---------------+-------------+----------------+
; Assignment Name                     ; Value                          ; Default Value ; Entity Name ; Section Id     ;
+-------------------------------------+--------------------------------+---------------+-------------+----------------+
; COMPILER_SIGNATURE_ID               ; 29611199466192.145346708602012 ; --            ; --          ; --             ;
; EDA_OUTPUT_DATA_FORMAT              ; Vhdl                           ; --            ; --          ; eda_simulation ;
; EDA_SIMULATION_TOOL                 ; ModelSim-Altera (VHDL)         ; <None>        ; --          ; --             ;
; PARTITION_COLOR                     ; 16764057                       ; --            ; --          ; Top            ;
; PARTITION_FITTER_PRESERVATION_LEVEL ; PLACEMENT_AND_ROUTING          ; --            ; --          ; Top            ;
; PARTITION_NETLIST_TYPE              ; SOURCE                         ; --            ; --          ; Top            ;
; PROJECT_OUTPUT_DIRECTORY            ; output_files                   ; --            ; --          ; --             ;
+-------------------------------------+--------------------------------+---------------+-------------+----------------+


+-------------------------------------------------------------------------------------------------------------------------------+
; Flow Elapsed Time                                                                                                             ;
+---------------------------+--------------+-------------------------+---------------------+------------------------------------+
; Module Name               ; Elapsed Time ; Average Processors Used ; Peak Virtual Memory ; Total CPU Time (on all processors) ;
+---------------------------+--------------+-------------------------+---------------------+------------------------------------+
; Analysis & Synthesis      ; 00:00:15     ; 1.0                     ; 756 MB              ; 00:00:34                           ;
; Fitter                    ; 00:01:24     ; 1.7                     ; 2438 MB             ; 00:02:32                           ;
; Assembler                 ; 00:00:19     ; 1.0                     ; 767 MB              ; 00:00:19                           ;
; TimeQuest Timing Analyzer ; 00:00:19     ; 1.7                     ; 1163 MB             ; 00:00:31                           ;
; EDA Netlist Writer        ; 00:00:03     ; 1.0                     ; 707 MB              ; 00:00:03                           ;
; EDA Netlist Writer        ; 00:00:02     ; 1.0                     ; 660 MB              ; 00:00:02                           ;
; Database Import           ; 00:00:02     ; 1.0                     ; 609 MB              ; 00:00:01                           ;
; Total                     ; 00:02:24     ; --                      ; --                  ; 00:04:02                           ;
+---------------------------+--------------+-------------------------+---------------------+------------------------------------+


+----------------------------------------------------------------------------------------+
; Flow OS Summary                                                                        ;
+---------------------------+------------------+-----------+------------+----------------+
; Module Name               ; Machine Hostname ; OS Name   ; OS Version ; Processor type ;
+---------------------------+------------------+-----------+------------+----------------+
; Analysis & Synthesis      ; Auhwang-PC       ; Windows 7 ; 6.2        ; x86_64         ;
; Fitter                    ; Auhwang-PC       ; Windows 7 ; 6.2        ; x86_64         ;
; Assembler                 ; Auhwang-PC       ; Windows 7 ; 6.2        ; x86_64         ;
; TimeQuest Timing Analyzer ; Auhwang-PC       ; Windows 7 ; 6.2        ; x86_64         ;
; EDA Netlist Writer        ; Auhwang-PC       ; Windows 7 ; 6.2        ; x86_64         ;
; EDA Netlist Writer        ; Auhwang-PC       ; Windows 7 ; 6.2        ; x86_64         ;
; Database Import           ; Auhwang-PC       ; Windows 7 ; 6.2        ; x86_64         ;
+---------------------------+------------------+-----------+------------+----------------+


------------
; Flow Log ;
------------
quartus_map --read_settings_files=on --write_settings_files=off reg_file -c reg_file
quartus_fit --read_settings_files=off --write_settings_files=off reg_file -c reg_file
quartus_asm --read_settings_files=off --write_settings_files=off reg_file -c reg_file
quartus_sta reg_file -c reg_file
quartus_eda --read_settings_files=off --write_settings_files=off reg_file -c reg_file
quartus_eda --read_settings_files=on --write_settings_files=off reg_file -c reg_file --gen_testbench
quartus_cdb reg_file -c reg_file --import_database="C:\Program Files\Java\jdk1.8.0_66"



