Database Import report for reg_file
Fri Jan 22 19:28:38 2016
Quartus II 64-Bit Version 15.0.0 Build 145 04/22/2015 SJ Web Edition


---------------------
; Table of Contents ;
---------------------
  1. Legal Notice
  2. Database Import Summary
  3. Database Import Messages



----------------
; Legal Notice ;
----------------
Copyright (C) 1991-2015 Altera Corporation. All rights reserved.
Your use of Altera Corporation's design tools, logic functions 
and other software and tools, and its AMPP partner logic 
functions, and any output files from any of the foregoing 
(including device programming or simulation files), and any 
associated documentation or information are expressly subject 
to the terms and conditions of the Altera Program License 
Subscription Agreement, the Altera Quartus II License Agreement,
the Altera MegaCore Function License Agreement, or other 
applicable license agreement, including, without limitation, 
that your use is for the sole purpose of programming logic 
devices manufactured by Altera and sold by Altera or its 
authorized distributors.  Please refer to the applicable 
agreement for further details.



+------------------------------------------------------------+
; Database Import Summary                                    ;
+------------------------+-----------------------------------+
; Database Import Status ; Failed - Fri Jan 22 19:28:38 2016 ;
; Revision Name          ; reg_file                          ;
; Top-level Entity Name  ; reg_file                          ;
; Family                 ; Cyclone V                         ;
; Device                 ; 5CGXFC7C7F23C8                    ;
+------------------------+-----------------------------------+


+--------------------------+
; Database Import Messages ;
+--------------------------+
Info: *******************************************************************
Info: Running Quartus II 64-Bit Database Import
    Info: Version 15.0.0 Build 145 04/22/2015 SJ Web Edition
    Info: Processing started: Fri Jan 22 19:28:36 2016
Info: Command: quartus_cdb reg_file -c reg_file --import_database="C:\Program Files\Java\jdk1.8.0_66"
Error (39039): Can't read version-compatible database file C:/Program Files/Java/jdk1.8.0_66/reg_file.db_info -- make sure the file exists and is up to date, and you have permission to read the file
Error: Quartus II 64-Bit Database Import was unsuccessful. 1 error, 0 warnings
    Error: Peak virtual memory: 609 megabytes
    Error: Processing ended: Fri Jan 22 19:28:38 2016
    Error: Elapsed time: 00:00:02
    Error: Total CPU time (on all processors): 00:00:01


