Release 14.7 - xst P.20131013 (nt)
Copyright (c) 1995-2013 Xilinx, Inc.  All rights reserved.
--> Parameter TMPDIR set to xst/projnav.tmp


Total REAL time to Xst completion: 0.00 secs
Total CPU time to Xst completion: 0.10 secs
 
--> Parameter xsthdpdir set to xst


Total REAL time to Xst completion: 0.00 secs
Total CPU time to Xst completion: 0.10 secs
 
--> Reading design: DFlipFlop1B.prj

TABLE OF CONTENTS
  1) Synthesis Options Summary
  2) HDL Parsing
  3) HDL Elaboration
  4) HDL Synthesis
       4.1) HDL Synthesis Report
  5) Advanced HDL Synthesis
       5.1) Advanced HDL Synthesis Report
  6) Low Level Synthesis
  7) Partition Report
  8) Design Summary
       8.1) Primitive and Black Box Usage
       8.2) Device utilization summary
       8.3) Partition Resource Summary
       8.4) Timing Report
            8.4.1) Clock Information
            8.4.2) Asynchronous Control Signals Information
            8.4.3) Timing Summary
            8.4.4) Timing Details
            8.4.5) Cross Clock Domains Report


=========================================================================
*                      Synthesis Options Summary                        *
=========================================================================
---- Source Parameters
Input File Name                    : "DFlipFlop1B.prj"
Ignore Synthesis Constraint File   : NO

---- Target Parameters
Output File Name                   : "DFlipFlop1B"
Output Format                      : NGC
Target Device                      : xc7a100t-3-csg324

---- Source Options
Top Module Name                    : DFlipFlop1B
Automatic FSM Extraction           : YES
FSM Encoding Algorithm             : Auto
Safe Implementation                : No
FSM Style                          : LUT
RAM Extraction                     : Yes
RAM Style                          : Auto
ROM Extraction                     : Yes
Shift Register Extraction          : YES
ROM Style                          : Auto
Resource Sharing                   : YES
Asynchronous To Synchronous        : NO
Shift Register Minimum Size        : 2
Use DSP Block                      : Auto
Automatic Register Balancing       : No

---- Target Options
LUT Combining                      : Auto
Reduce Control Sets                : Auto
Add IO Buffers                     : YES
Global Maximum Fanout              : 100000
Add Generic Clock Buffer(BUFG)     : 32
Register Duplication               : YES
Optimize Instantiated Primitives   : NO
Use Clock Enable                   : Auto
Use Synchronous Set                : Auto
Use Synchronous Reset              : Auto
Pack IO Registers into IOBs        : Auto
Equivalent register Removal        : YES

---- General Options
Optimization Goal                  : Speed
Optimization Effort                : 1
Power Reduction                    : NO
Keep Hierarchy                     : No
Netlist Hierarchy                  : As_Optimized
RTL Output                         : Yes
Global Optimization                : AllClockNets
Read Cores                         : YES
Write Timing Constraints           : NO
Cross Clock Analysis               : NO
Hierarchy Separator                : /
Bus Delimiter                      : <>
Case Specifier                     : Maintain
Slice Utilization Ratio            : 100
BRAM Utilization Ratio             : 100
DSP48 Utilization Ratio            : 100
Auto BRAM Packing                  : NO
Slice Utilization Ratio Delta      : 5

=========================================================================


=========================================================================
*                          HDL Parsing                                  *
=========================================================================
Analyzing Verilog file "C:\Users\Andrew\Desktop\School\Computer Science\CS140L\Lab3\Dlatch1A.v" into library work
Parsing module <Dlatch1A>.
Analyzing Verilog file "C:\Users\Andrew\Desktop\School\Computer Science\CS140L\Lab3\DFlipFlop1B.v" into library work
Parsing module <DFlipFlop1B>.

=========================================================================
*                            HDL Elaboration                            *
=========================================================================

Elaborating module <DFlipFlop1B>.

Elaborating module <Dlatch1A>.
WARNING:HDLCompiler:1127 - "C:\Users\Andrew\Desktop\School\Computer Science\CS140L\Lab3\DFlipFlop1B.v" Line 23: Assignment to i ignored, since the identifier is never used
ERROR:HDLCompiler:1401 - "C:\Users\Andrew\Desktop\School\Computer Science\CS140L\Lab3\DFlipFlop1B.v" Line 24: Signal QL in unit DFlipFlop1B is connected to following multiple drivers:
Driver 0: output signal QL of instance Inverter (QL_INV_2).
Driver 1: slave/Qbar driven by output signal Qbar of instance NAND Gate (slave).
Module DFlipFlop1B remains a blackbox, due to errors in its contents
WARNING:HDLCompiler:1499 - "C:\Users\Andrew\Desktop\School\Computer Science\CS140L\Lab3\DFlipFlop1B.v" Line 21: Empty module <DFlipFlop1B> remains a black box.
--> 

Total memory usage is 173176 kilobytes

Number of errors   :    1 (   0 filtered)
Number of warnings :    2 (   0 filtered)
Number of infos    :    0 (   0 filtered)

